<?xml version="1.0" encoding="UTF-8"?>
<testng-results skipped="0" failed="1" total="2" passed="1">
  <reporter-output>
  </reporter-output>
  <suite name="UIAutomation by packages" duration-ms="17169" started-at="2016-10-20T07:25:29Z" finished-at="2016-10-20T07:25:46Z">
    <groups>
    </groups>
    <test name="TestNG1" duration-ms="17169" started-at="2016-10-20T07:25:29Z" finished-at="2016-10-20T07:25:46Z">
      <class name="TestNG1.TestNGPoppy">
        <test-method status="FAIL" signature="TestNGCase()[pri:0, instance:TestNG1.TestNGPoppy@735b5592]" name="TestNGCase" duration-ms="6972" started-at="2016-10-20T15:25:38Z" finished-at="2016-10-20T15:25:45Z">
          <exception class="java.lang.AssertionError">
            <message>
              <![CDATA[expected [Glen_百度搜索] but found [百度一下，你就知道]]]>
            </message>
            <full-stacktrace>
              <![CDATA[java.lang.AssertionError: expected [Glen_百度搜索] but found [百度一下，你就知道]
	at org.testng.Assert.fail(Assert.java:89)
	at org.testng.Assert.failNotEquals(Assert.java:489)
	at org.testng.Assert.assertEquals(Assert.java:118)
	at org.testng.Assert.assertEquals(Assert.java:171)
	at org.testng.Assert.assertEquals(Assert.java:181)
	at TestNG1.TestNGPoppy.TestNGCase(TestNGPoppy.java:29)
	at sun.reflect.NativeMethodAccessorImpl.invoke0(Native Method)
	at sun.reflect.NativeMethodAccessorImpl.invoke(Unknown Source)
	at sun.reflect.DelegatingMethodAccessorImpl.invoke(Unknown Source)
	at java.lang.reflect.Method.invoke(Unknown Source)
	at org.testng.internal.MethodInvocationHelper.invokeMethod(MethodInvocationHelper.java:80)
	at org.testng.internal.Invoker.invokeMethod(Invoker.java:715)
	at org.testng.internal.Invoker.invokeTestMethod(Invoker.java:907)
	at org.testng.internal.Invoker.invokeTestMethods(Invoker.java:1237)
	at org.testng.internal.TestMethodWorker.invokeTestMethods(TestMethodWorker.java:127)
	at org.testng.internal.TestMethodWorker.run(TestMethodWorker.java:111)
	at org.testng.TestRunner.privateRun(TestRunner.java:767)
	at org.testng.TestRunner.run(TestRunner.java:617)
	at org.testng.SuiteRunner.runTest(SuiteRunner.java:334)
	at org.testng.SuiteRunner.runSequentially(SuiteRunner.java:329)
	at org.testng.SuiteRunner.privateRun(SuiteRunner.java:291)
	at org.testng.SuiteRunner.run(SuiteRunner.java:240)
	at org.testng.SuiteRunnerWorker.runSuite(SuiteRunnerWorker.java:51)
	at org.testng.SuiteRunnerWorker.run(SuiteRunnerWorker.java:85)
	at org.testng.TestNG.runSuitesSequentially(TestNG.java:1197)
	at org.testng.TestNG.runSuitesLocally(TestNG.java:1122)
	at org.testng.TestNG.run(TestNG.java:1030)
	at org.testng.remote.AbstractRemoteTestNG.run(AbstractRemoteTestNG.java:132)
	at org.testng.remote.RemoteTestNG.initAndRun(RemoteTestNG.java:236)
	at org.testng.remote.RemoteTestNG.main(RemoteTestNG.java:81)
]]>
            </full-stacktrace>
          </exception> <!-- java.lang.AssertionError -->
          <reporter-output>
          </reporter-output>
        </test-method> <!-- TestNGCase -->
      </class> <!-- TestNG1.TestNGPoppy -->
      <class name="TestNG1.Case1">
        <test-method status="PASS" signature="TestNGPoppyCase()[pri:0, instance:TestNG1.Case1@5f375618]" name="TestNGPoppyCase" duration-ms="9401" started-at="2016-10-20T15:25:29Z" finished-at="2016-10-20T15:25:38Z">
          <reporter-output>
          </reporter-output>
        </test-method> <!-- TestNGPoppyCase -->
        <test-method status="PASS" signature="tearDown()[pri:0, instance:TestNG1.Case1@5f375618]" name="tearDown" is-config="true" duration-ms="507" started-at="2016-10-20T15:25:45Z" finished-at="2016-10-20T15:25:46Z">
          <reporter-output>
          </reporter-output>
        </test-method> <!-- tearDown -->
        <test-method status="PASS" signature="tearDown()[pri:0, instance:TestNG1.TestNGPoppy@735b5592]" name="tearDown" is-config="true" duration-ms="265" started-at="2016-10-20T15:25:46Z" finished-at="2016-10-20T15:25:46Z">
          <reporter-output>
          </reporter-output>
        </test-method> <!-- tearDown -->
      </class> <!-- TestNG1.Case1 -->
    </test> <!-- TestNG1 -->
  </suite> <!-- UIAutomation by packages -->
</testng-results>
